TN:
SF:/home/lucas/clioplatf/clioplatf-db/index.js
FN:10,(anonymous_0)
FNF:1
FNH:1
FNDA:14,(anonymous_0)
DA:3,14
DA:4,14
DA:5,14
DA:6,14
DA:7,14
DA:8,14
DA:10,14
DA:11,14
DA:23,14
DA:24,14
DA:25,14
DA:27,14
DA:28,14
DA:30,14
DA:32,14
DA:33,0
DA:36,14
DA:37,14
DA:39,14
LF:19
LH:18
BRDA:32,0,0,0
BRDA:32,0,1,14
BRF:2
BRH:1
end_of_record
TN:
SF:/home/lucas/clioplatf/clioplatf-db/lib/agent.js
FN:3,setupAgent
FN:4,createOrUpdate
FN:22,findById
FN:26,findByUuid
FN:34,findAll
FN:38,findConnected
FN:46,findByUsername
FNF:7
FNH:7
FNDA:14,setupAgent
FNDA:2,createOrUpdate
FNDA:1,findById
FNDA:1,findByUuid
FNDA:1,findAll
FNDA:1,findConnected
FNDA:1,findByUsername
DA:3,2
DA:5,2
DA:11,2
DA:13,2
DA:14,1
DA:15,1
DA:18,1
DA:19,1
DA:23,1
DA:27,1
DA:35,1
DA:39,1
DA:47,1
DA:55,14
LF:14
LH:14
BRDA:13,0,0,1
BRDA:13,0,1,1
BRDA:15,1,0,1
BRDA:15,1,1,0
BRF:4
BRH:3
end_of_record
TN:
SF:/home/lucas/clioplatf/clioplatf-db/lib/db.js
FN:6,setupDatabase
FNF:1
FNH:1
FNDA:14,setupDatabase
DA:3,2
DA:4,2
DA:6,2
DA:7,14
DA:8,2
DA:10,14
LF:6
LH:6
BRDA:7,0,0,2
BRDA:7,0,1,12
BRF:2
BRH:2
end_of_record
TN:
SF:/home/lucas/clioplatf/clioplatf-db/lib/metric.js
FN:3,setupMetric
FN:4,findByAgentUuid
FN:19,findByTypeAgentUuid
FN:38,create
FNF:4
FNH:4
FNDA:14,setupMetric
FNDA:1,findByAgentUuid
FNDA:1,findByTypeAgentUuid
FNDA:1,create
DA:3,2
DA:5,1
DA:20,1
DA:39,1
DA:43,1
DA:44,1
DA:45,1
DA:46,1
DA:50,14
LF:9
LH:9
BRDA:43,0,0,1
BRDA:43,0,1,0
BRF:2
BRH:1
end_of_record
TN:
SF:/home/lucas/clioplatf/clioplatf-db/models/agent.js
FN:6,setupAgentModel
FNF:1
FNH:0
FNDA:0,setupAgentModel
DA:3,2
DA:4,2
DA:6,2
DA:7,0
DA:9,0
LF:5
LH:3
BRF:0
BRH:0
end_of_record
TN:
SF:/home/lucas/clioplatf/clioplatf-db/models/metric.js
FN:6,setupMetricModel
FNF:1
FNH:0
FNDA:0,setupMetricModel
DA:3,2
DA:4,2
DA:6,2
DA:7,0
DA:9,0
LF:5
LH:3
BRF:0
BRH:0
end_of_record
TN:
SF:/home/lucas/clioplatf/clioplatf-db/tests/agent-tests.js
FN:46,(anonymous_4)
FN:78,(anonymous_5)
FN:79,(anonymous_6)
FN:85,(anonymous_7)
FN:89,(anonymous_8)
FN:93,(anonymous_9)
FN:100,(anonymous_10)
FN:110,(anonymous_11)
FN:120,(anonymous_12)
FN:131,(anonymous_13)
FN:142,(anonymous_14)
FN:153,(anonymous_15)
FN:166,(anonymous_16)
FNF:13
FNH:13
FNDA:9,(anonymous_4)
FNDA:9,(anonymous_5)
FNDA:9,(anonymous_6)
FNDA:9,(anonymous_7)
FNDA:1,(anonymous_8)
FNDA:1,(anonymous_9)
FNDA:1,(anonymous_10)
FNDA:1,(anonymous_11)
FNDA:1,(anonymous_12)
FNDA:1,(anonymous_13)
FNDA:1,(anonymous_14)
FNDA:1,(anonymous_15)
FNDA:1,(anonymous_16)
DA:3,1
DA:4,1
DA:5,1
DA:7,1
DA:9,1
DA:13,1
DA:17,1
DA:18,1
DA:19,1
DA:20,1
DA:21,1
DA:23,1
DA:25,1
DA:29,1
DA:33,1
DA:37,1
DA:46,1
DA:47,9
DA:49,9
DA:54,9
DA:55,9
DA:56,1
DA:60,9
DA:61,9
DA:64,9
DA:65,9
DA:68,9
DA:69,9
DA:72,9
DA:73,9
DA:74,9
DA:75,9
DA:77,9
DA:78,9
DA:79,9
DA:82,9
DA:85,1
DA:86,9
DA:89,1
DA:90,1
DA:93,4
DA:94,1
DA:95,1
DA:96,1
DA:97,1
DA:100,3
DA:101,1
DA:103,1
DA:104,1
DA:105,1
DA:107,1
DA:110,3
DA:111,1
DA:113,1
DA:114,1
DA:115,1
DA:117,1
DA:120,3
DA:121,1
DA:123,1
DA:124,1
DA:125,1
DA:127,1
DA:128,1
DA:131,3
DA:132,1
DA:134,1
DA:135,1
DA:136,1
DA:138,1
DA:139,1
DA:142,3
DA:143,1
DA:145,1
DA:146,1
DA:147,1
DA:149,1
DA:150,1
DA:153,6
DA:154,1
DA:156,1
DA:157,1
DA:158,1
DA:159,1
DA:160,1
DA:161,1
DA:163,1
DA:166,6
DA:167,1
DA:169,1
DA:170,1
DA:171,1
DA:174,1
DA:175,1
DA:176,1
DA:178,1
LF:96
LH:96
BRDA:86,0,0,9
BRDA:86,0,1,9
BRF:2
BRH:2
end_of_record
TN:
SF:/home/lucas/clioplatf/clioplatf-db/tests/metric-tests.js
FN:61,(anonymous_4)
FN:91,(anonymous_5)
FN:92,(anonymous_6)
FN:98,(anonymous_7)
FN:102,(anonymous_8)
FN:106,(anonymous_9)
FN:113,(anonymous_10)
FN:123,(anonymous_11)
FN:133,(anonymous_12)
FNF:9
FNH:9
FNDA:5,(anonymous_4)
FNDA:5,(anonymous_5)
FNDA:5,(anonymous_6)
FNDA:5,(anonymous_7)
FNDA:1,(anonymous_8)
FNDA:1,(anonymous_9)
FNDA:1,(anonymous_10)
FNDA:1,(anonymous_11)
FNDA:1,(anonymous_12)
DA:3,1
DA:4,1
DA:5,1
DA:7,1
DA:8,1
DA:10,1
DA:14,1
DA:15,1
DA:16,1
DA:17,1
DA:18,1
DA:19,1
DA:21,1
DA:25,1
DA:38,1
DA:55,1
DA:61,1
DA:62,5
DA:64,5
DA:68,5
DA:73,5
DA:74,5
DA:76,5
DA:77,5
DA:78,1
DA:81,5
DA:82,5
DA:85,5
DA:86,5
DA:87,5
DA:88,5
DA:90,5
DA:91,5
DA:92,5
DA:95,5
DA:98,1
DA:99,5
DA:102,1
DA:103,1
DA:106,4
DA:107,1
DA:108,1
DA:109,1
DA:110,1
DA:113,3
DA:114,1
DA:116,1
DA:117,1
DA:118,1
DA:120,1
DA:123,3
DA:124,1
DA:126,1
DA:127,1
DA:128,1
DA:130,1
DA:133,6
DA:134,1
DA:136,1
DA:137,1
DA:138,1
DA:140,1
DA:141,1
DA:142,1
DA:144,1
LF:65
LH:65
BRDA:99,0,0,5
BRDA:99,0,1,5
BRF:2
BRH:2
end_of_record
TN:
SF:/home/lucas/clioplatf/clioplatf-db/tests/fixtures/agent.js
FN:22,extend
FN:30,(anonymous_1)
FN:31,(anonymous_2)
FN:32,(anonymous_3)
FN:32,(anonymous_4)
FN:33,(anonymous_5)
FN:33,(anonymous_6)
FNF:7
FNH:7
FNDA:6,extend
FNDA:8,(anonymous_1)
FNDA:8,(anonymous_2)
FNDA:15,(anonymous_3)
FNDA:60,(anonymous_4)
FNDA:12,(anonymous_5)
FNDA:48,(anonymous_6)
DA:3,2
DA:15,2
DA:23,6
DA:24,6
DA:27,2
DA:30,8
DA:31,8
DA:32,60
DA:33,48
LF:9
LH:9
BRF:0
BRH:0
end_of_record
TN:
SF:/home/lucas/clioplatf/clioplatf-db/tests/fixtures/metric.js
FN:24,findByAgentUuid
FN:25,(anonymous_1)
FN:25,(anonymous_2)
FN:34,findByTypeAgentUuid
FN:35,(anonymous_4)
FN:35,(anonymous_5)
FNF:6
FNH:5
FNDA:6,findByAgentUuid
FNDA:24,(anonymous_1)
FNDA:18,(anonymous_2)
FNDA:6,findByTypeAgentUuid
FNDA:24,(anonymous_4)
FNDA:0,(anonymous_5)
DA:3,1
DA:4,1
DA:6,1
DA:8,1
DA:17,1
DA:25,24
DA:26,18
DA:28,18
DA:30,18
DA:35,24
DA:36,0
DA:38,0
DA:39,0
DA:41,0
DA:45,1
LF:15
LH:11
BRDA:25,0,0,24
BRDA:25,0,1,0
BRDA:35,1,0,24
BRDA:35,1,1,0
BRDA:35,2,0,0
BRDA:35,2,1,0
BRF:6
BRH:2
end_of_record
TN:
SF:/home/lucas/clioplatf/clioplatf-db/utils/index.js
FN:3,extend
FN:8,sortBy
FN:9,(anonymous_2)
FNF:3
FNH:2
FNDA:3,extend
FNDA:6,sortBy
FNDA:0,(anonymous_2)
DA:4,3
DA:5,3
DA:9,6
DA:10,0
DA:11,0
DA:13,0
DA:14,0
DA:15,0
DA:16,0
DA:18,0
DA:23,1
LF:11
LH:4
BRDA:13,0,0,0
BRDA:13,0,1,0
BRDA:15,1,0,0
BRDA:15,1,1,0
BRF:4
BRH:0
end_of_record
